<?xml version="1.0" encoding="UTF-8"?>
<!-- Generated by org.testng.reporters.JUnitReportReporter -->
<testsuite skipped="0" hostname="Balajis-MacBook-Air.local" name="com.acti.testcase.LoginPagesTests" tests="4" failures="0" timestamp="30 Nov 2022 21:24:27 GMT" time="17.668" errors="0">
  <testcase name="testLoginPageTitle" time="4.322" classname="com.acti.testcase.LoginPagesTests"/>
  <testcase name="testActiImageIsDisplayed" time="3.564" classname="com.acti.testcase.LoginPagesTests"/>
  <testcase name="testForgotpasswordIsDisplayed" time="3.758" classname="com.acti.testcase.LoginPagesTests"/>
  <testcase name="testLoginFunction" time="6.024" classname="com.acti.testcase.LoginPagesTests"/>
</testsuite> <!-- com.acti.testcase.LoginPagesTests -->
