<?xml version="1.0" encoding="UTF-8"?>
<!-- Generated by org.testng.reporters.JUnitReportReporter -->
<testsuite skipped="0" hostname="Balajis-MacBook-Air.local" name="com.acti.base.DriverScript" tests="1" failures="0" timestamp="29 Nov 2022 20:44:53 GMT" time="4.050" errors="0">
  <testcase name="initApplication" time="4.050" classname="com.acti.base.DriverScript"/>
</testsuite> <!-- com.acti.base.DriverScript -->
