<?xml version="1.0" encoding="UTF-8"?>
<!-- Generated by org.testng.reporters.JUnitReportReporter -->
<testsuite hostname="Balajis-MacBook-Air.local" failures="0" tests="1" name="com.acti.testcase.TaskPageTests" time="10.861" errors="0" timestamp="14 Dec 2022 00:42:10 GMT" skipped="0">
  <testcase classname="com.acti.testcase.TaskPageTests" name="testCreateCustomer" time="10.861"/>
</testsuite> <!-- com.acti.testcase.TaskPageTests -->
